{
  "RSpec": {
    "coverage": {
      "/home/mzurbuchen/git/skills/spec/controllers/activities_controller_spec.rb": [
        1,
        null,
        1,
        6,
        null,
        1,
        1,
        1,
        null,
        1,
        null,
        1,
        null,
        1,
        1,
        1,
        null,
        null,
        null,
        1,
        1,
        1,
        null,
        1,
        null,
        1,
        null,
        1,
        null,
        null,
        null,
        1,
        1,
        1,
        null,
        null,
        null,
        null,
        null,
        1,
        null,
        1,
        1,
        1,
        1,
        null,
        null,
        null,
        1,
        1,
        1,
        1,
        null,
        1,
        null,
        null,
        1,
        1,
        null,
        null,
        null,
        1,
        1,
        1,
        1,
        null,
        null,
        null,
        1,
        null,
        null,
        null,
        1,
        null,
        1,
        5,
        null,
        null,
        1,
        null,
        null,
        1,
        null,
        null,
        1,
        null,
        null,
        null,
        null,
        1,
        null,
        null
      ],
      "/home/mzurbuchen/git/skills/spec/rails_helper.rb": [
        null,
        1,
        1,
        null,
        1,
        1,
        1,
        null,
        null,
        null,
        null,
        null,
        null,
        null,
        null,
        null,
        null,
        null,
        null,
        null,
        null,
        null,
        4,
        null,
        null,
        null,
        1,
        null,
        1,
        null,
        1,
        null,
        null,
        null,
        null,
        1,
        null,
        1,
        null,
        36,
        null,
        null,
        1,
        null,
        1,
        1,
        1,
        null,
        1,
        1,
        null
      ],
      "/home/mzurbuchen/git/skills/config/environment.rb": [
        null,
        1,
        null,
        null,
        1
      ],
      "/home/mzurbuchen/git/skills/config/application.rb": [
        1,
        null,
        null,
        null,
        null,
        null,
        null,
        null,
        null,
        null,
        null,
        null,
        null,
        null,
        null,
        null,
        1,
        null,
        1,
        1,
        1,
        1,
        1,
        1,
        1,
        1,
        1,
        null,
        null,
        null,
        null,
        1,
        null,
        1,
        1,
        null,
        1,
        null,
        null,
        null,
        null,
        null,
        null,
        null,
        null,
        1,
        1,
        1,
        null,
        null
      ],
      "/home/mzurbuchen/git/skills/config/boot.rb": [
        1,
        null,
        1,
        1
      ],
      "/home/mzurbuchen/git/skills/config/environments/test.rb": [
        1,
        null,
        null,
        null,
        null,
        null,
        null,
        1,
        null,
        null,
        null,
        null,
        1,
        null,
        null,
        1,
        1,
        null,
        null,
        null,
        null,
        1,
        1,
        null,
        null,
        1,
        null,
        null,
        1,
        null,
        null,
        1,
        null,
        1,
        null,
        null,
        null,
        null,
        1,
        null,
        null,
        1,
        null,
        null,
        null,
        null
      ],
      "/home/mzurbuchen/git/skills/config/initializers/active_model_serializer.rb": [
        1
      ],
      "/home/mzurbuchen/git/skills/config/initializers/application_controller_renderer.rb": [
        null,
        null,
        null,
        null,
        null,
        null,
        null,
        null
      ],
      "/home/mzurbuchen/git/skills/config/initializers/backtrace_silencers.rb": [
        null,
        null,
        null,
        null,
        null,
        null,
        null
      ],
      "/home/mzurbuchen/git/skills/config/initializers/carrierwave.rb": [
        1,
        1,
        1,
        1,
        null,
        null
      ],
      "/home/mzurbuchen/git/skills/config/initializers/cors.rb": [
        null,
        null,
        null,
        null,
        null,
        null,
        null,
        null,
        null,
        null,
        null,
        null,
        null,
        null,
        null,
        null
      ],
      "/home/mzurbuchen/git/skills/config/initializers/errbit.rb": [
        1,
        1,
        1,
        1,
        null,
        1,
        1,
        null
      ],
      "/home/mzurbuchen/git/skills/config/initializers/filter_parameter_logging.rb": [
        null,
        null,
        null,
        1
      ],
      "/home/mzurbuchen/git/skills/config/initializers/inflections.rb": [
        null,
        null,
        null,
        null,
        null,
        null,
        null,
        null,
        null,
        null,
        null,
        null,
        null,
        null,
        null,
        null
      ],
      "/home/mzurbuchen/git/skills/config/initializers/json_api.rb": [
        1,
        2,
        2,
        null
      ],
      "/home/mzurbuchen/git/skills/config/initializers/mime_types.rb": [
        null,
        null,
        null,
        null
      ],
      "/home/mzurbuchen/git/skills/config/initializers/new_framework_defaults.rb": [
        null,
        null,
        null,
        null,
        null,
        null,
        null,
        null,
        1,
        null,
        null,
        1,
        null,
        null,
        null,
        null,
        null,
        null,
        1
      ],
      "/home/mzurbuchen/git/skills/config/initializers/new_framework_defaults_5_2.rb": [
        null,
        null,
        null,
        null,
        null,
        null,
        null,
        null,
        null,
        null,
        1,
        null,
        null,
        null,
        null,
        null,
        null,
        null,
        null,
        1,
        null,
        null,
        null,
        1,
        null,
        null,
        null,
        1,
        null,
        null,
        null,
        1,
        null,
        null,
        1,
        null,
        null,
        1
      ],
      "/home/mzurbuchen/git/skills/config/initializers/wrap_parameters.rb": [
        null,
        null,
        null,
        null,
        null,
        null,
        1,
        2,
        null,
        null,
        null,
        null,
        null,
        null
      ],
      "/home/mzurbuchen/git/skills/config/routes.rb": [
        1,
        null,
        null,
        null,
        1,
        1,
        1,
        null,
        1,
        1,
        1,
        null,
        null,
        null,
        1,
        1,
        1,
        1,
        1,
        1,
        null,
        null,
        1,
        1,
        1,
        null,
        1,
        null,
        1,
        1,
        1,
        1,
        1,
        1,
        1,
        null,
        null,
        1,
        1,
        1,
        null,
        1,
        1,
        null,
        null,
        null,
        1,
        null,
        null
      ],
      "/home/mzurbuchen/git/skills/spec/support/json_macros.rb": [
        1,
        1,
        33,
        null,
        null
      ],
      "/home/mzurbuchen/git/skills/spec/support/json_assertion.rb": [
        1,
        1,
        19,
        81,
        null,
        null,
        null
      ],
      "/home/mzurbuchen/git/skills/spec/support/controller_helpers.rb": [
        1,
        null,
        1,
        1,
        84,
        84,
        null,
        null,
        1,
        15,
        30,
        30,
        30,
        null,
        null,
        null,
        null
      ],
      "/home/mzurbuchen/git/skills/lib/ldap_tools.rb": [
        1,
        null,
        1,
        1,
        1,
        0,
        null,
        null,
        1,
        0,
        0,
        null,
        null,
        null,
        0,
        null,
        null,
        1,
        0,
        0,
        0,
        null,
        0,
        null,
        null,
        1,
        null,
        1,
        0,
        null,
        null,
        null,
        null,
        null,
        1,
        0,
        null,
        null,
        1,
        0,
        null,
        null,
        1,
        0,
        null,
        null,
        1,
        2,
        1,
        null,
        null,
        null,
        null
      ],
      "/home/mzurbuchen/git/skills/app/controllers/activities_controller.rb": [
        1,
        1,
        null
      ],
      "/home/mzurbuchen/git/skills/app/controllers/person_relations_controller.rb": [
        1,
        null,
        1,
        5,
        5,
        5,
        null,
        null,
        0,
        null,
        null,
        null,
        1,
        5,
        null,
        null,
        1,
        null,
        1,
        0,
        null,
        null,
        null
      ],
      "/home/mzurbuchen/git/skills/app/controllers/crud_controller.rb": [
        null,
        1,
        1,
        null,
        null,
        1,
        15,
        null,
        null,
        null,
        1,
        5,
        5,
        5,
        null,
        null,
        null,
        0,
        null,
        null,
        null,
        null,
        1,
        15,
        15,
        15,
        null,
        0,
        null,
        null,
        null,
        null,
        1,
        16,
        15,
        null,
        1,
        null,
        null,
        null,
        1,
        null,
        1,
        null,
        114,
        null,
        null,
        1,
        48,
        null,
        null,
        1,
        14,
        null,
        null,
        1,
        44,
        null,
        null,
        null,
        null,
        null,
        null,
        1,
        1,
        null,
        null,
        null,
        1,
        5,
        null,
        null,
        null,
        null,
        null,
        1,
        29,
        29,
        29,
        null,
        null,
        1,
        29,
        null,
        29,
        null,
        20,
        21,
        21,
        null,
        21,
        21,
        null,
        20,
        null,
        null,
        1,
        21,
        null,
        null,
        1,
        176,
        null,
        null
      ],
      "/home/mzurbuchen/git/skills/app/controllers/list_controller.rb": [
        null,
        1,
        1,
        null,
        null,
        1,
        1,
        null,
        null,
        1,
        13,
        null,
        null,
        null,
        null,
        null,
        null,
        1,
        null,
        1,
        4,
        null,
        null,
        1,
        null,
        1,
        66,
        null,
        null,
        1,
        57,
        null,
        null,
        1,
        null,
        1,
        322,
        null,
        null,
        null,
        null,
        1,
        0,
        null,
        null,
        1,
        13,
        null,
        null,
        1,
        57,
        null,
        null,
        null
      ],
      "/home/mzurbuchen/git/skills/app/controllers/application_controller.rb": [
        1,
        null,
        1,
        null,
        1,
        4,
        4,
        null,
        4,
        3,
        null,
        null,
        3,
        null,
        null,
        1,
        null,
        1,
        10,
        null,
        null,
        1,
        null,
        1,
        4,
        null,
        null,
        1,
        3,
        3,
        null,
        3,
        0,
        null,
        null,
        3,
        3,
        null,
        null,
        null
      ],
      "/home/mzurbuchen/git/skills/spec/controllers/advanced_trainings_controller_spec.rb": [
        1,
        null,
        1,
        6,
        null,
        1,
        1,
        1,
        null,
        1,
        null,
        1,
        null,
        1,
        1,
        1,
        null,
        null,
        null,
        1,
        1,
        1,
        null,
        1,
        null,
        1,
        null,
        1,
        null,
        null,
        null,
        1,
        1,
        1,
        null,
        null,
        null,
        null,
        1,
        null,
        1,
        1,
        1,
        1,
        null,
        null,
        null,
        1,
        1,
        1,
        1,
        1,
        null,
        null,
        null,
        null,
        1,
        1,
        null,
        null,
        null,
        1,
        1,
        1,
        1,
        null,
        null,
        null,
        1,
        null,
        null,
        null,
        1,
        null,
        1,
        5,
        null,
        null,
        1,
        null,
        null,
        null,
        1,
        null,
        null,
        1,
        null,
        null,
        null,
        null,
        null,
        null,
        1,
        null,
        null
      ],
      "/home/mzurbuchen/git/skills/app/controllers/advanced_trainings_controller.rb": [
        1,
        1,
        null
      ],
      "/home/mzurbuchen/git/skills/spec/controllers/authentication_controller_spec.rb": [
        1,
        null,
        1,
        1,
        1,
        1,
        1,
        null,
        null,
        1,
        1,
        1,
        null,
        null,
        1,
        1,
        1,
        null,
        null,
        1,
        1,
        null,
        1,
        null,
        1,
        1,
        null,
        null,
        1,
        1,
        1,
        null,
        null,
        1,
        null,
        1,
        null,
        1,
        1,
        null,
        null,
        1,
        null,
        1,
        1,
        1,
        null,
        null,
        1,
        1,
        null,
        1,
        null,
        1,
        1,
        null,
        1,
        1,
        1,
        1,
        1,
        1,
        null,
        null,
        1,
        1,
        1,
        null,
        1,
        null,
        1,
        null,
        null,
        1,
        1,
        1,
        1,
        null,
        1,
        null,
        1,
        null,
        1,
        1,
        null,
        null,
        1,
        1,
        1,
        null,
        1,
        null,
        1,
        null,
        1,
        1,
        null,
        null,
        null,
        null
      ],
      "/home/mzurbuchen/git/skills/app/controllers/authentication_controller.rb": [
        1,
        null,
        1,
        1,
        null,
        1,
        9,
        9,
        null,
        9,
        9,
        null,
        9,
        3,
        null,
        null,
        6,
        null,
        6,
        null,
        4,
        null,
        null,
        1,
        9,
        null,
        null,
        1,
        null,
        1,
        9,
        9,
        null,
        null,
        null
      ],
      "/home/mzurbuchen/git/skills/spec/controllers/companies_controller_spec.rb": [
        1,
        null,
        1,
        1,
        7,
        null,
        1,
        1,
        1,
        null,
        1,
        null,
        1,
        null,
        1,
        1,
        1,
        1,
        1,
        1,
        null,
        null,
        null,
        1,
        1,
        1,
        null,
        null,
        1,
        null,
        1,
        null,
        1,
        null,
        1,
        1,
        null,
        1,
        1,
        null,
        1,
        1,
        null,
        null,
        null,
        1,
        1,
        1,
        null,
        null,
        null,
        null,
        1,
        null,
        1,
        1,
        1,
        1,
        null,
        null,
        null,
        1,
        1,
        1,
        null,
        1,
        null,
        null,
        null,
        1,
        1,
        null,
        null,
        null,
        1,
        1,
        1,
        1,
        null,
        1,
        1,
        1,
        null,
        null,
        1,
        1,
        1,
        null,
        1,
        1,
        1,
        null,
        null,
        null,
        null,
        1,
        null,
        1,
        null,
        null,
        null,
        0,
        null,
        null,
        null,
        null
      ],
      "/home/mzurbuchen/git/skills/app/controllers/companies_controller.rb": [
        1,
        1,
        null,
        null,
        null,
        1,
        null,
        null
      ],
      "/home/mzurbuchen/git/skills/spec/controllers/educations_controller_spec.rb": [
        1,
        null,
        1,
        6,
        null,
        1,
        1,
        1,
        1,
        null,
        1,
        null,
        1,
        1,
        1,
        null,
        null,
        null,
        1,
        1,
        1,
        null,
        1,
        null,
        1,
        null,
        1,
        null,
        null,
        null,
        1,
        1,
        1,
        null,
        null,
        null,
        null,
        1,
        null,
        1,
        1,
        1,
        1,
        1,
        null,
        null,
        null,
        1,
        1,
        1,
        1,
        1,
        null,
        null,
        null,
        null,
        1,
        1,
        null,
        null,
        null,
        1,
        1,
        1,
        1,
        null,
        null,
        null,
        1,
        null,
        null,
        null,
        1,
        null,
        1,
        5,
        null,
        null,
        1,
        null,
        null,
        null,
        1,
        null,
        null,
        1,
        null,
        null,
        null,
        null,
        null,
        1,
        null,
        null
      ],
      "/home/mzurbuchen/git/skills/app/controllers/educations_controller.rb": [
        1,
        1,
        null
      ],
      "/home/mzurbuchen/git/skills/spec/controllers/employee_quantities_controller_spec.rb": [
        1,
        null,
        1,
        6,
        null,
        1,
        1,
        1,
        null,
        1,
        null,
        1,
        null,
        1,
        1,
        1,
        null,
        null,
        null,
        1,
        1,
        1,
        null,
        1,
        null,
        1,
        null,
        1,
        1,
        null,
        null,
        null,
        1,
        1,
        1,
        null,
        1,
        null,
        1,
        1,
        1,
        null,
        null,
        null,
        1,
        1,
        1,
        1,
        null,
        1,
        null,
        null,
        1,
        1,
        null,
        null,
        null,
        1,
        1,
        1,
        1,
        null,
        null,
        null,
        1,
        null,
        null,
        null,
        1,
        null,
        1,
        5,
        null,
        null,
        1,
        null,
        null,
        1,
        null,
        null,
        1,
        null,
        null,
        null,
        null,
        1,
        null,
        null
      ],
      "/home/mzurbuchen/git/skills/app/controllers/employee_quantities_controller.rb": [
        1,
        1,
        null
      ],
      "/home/mzurbuchen/git/skills/app/controllers/company_relations_controller.rb": [
        1,
        null,
        1,
        3,
        3,
        3,
        null,
        null,
        0,
        null,
        null,
        null,
        1,
        3,
        null,
        null,
        1,
        null,
        1,
        0,
        null,
        null,
        null
      ],
      "/home/mzurbuchen/git/skills/spec/controllers/expertise_categories_controller_spec.rb": [
        1,
        null,
        1,
        6,
        null,
        1,
        1,
        1,
        null,
        1,
        null,
        1,
        null,
        1,
        1,
        1,
        null,
        null,
        null,
        1,
        1,
        1,
        null,
        1,
        null,
        1,
        null,
        1,
        null,
        null,
        null,
        1,
        1,
        1,
        null,
        null,
        1,
        null,
        1,
        1,
        1,
        null,
        null,
        null,
        1,
        1,
        1,
        1,
        null,
        1,
        null,
        1,
        1,
        null,
        null,
        null,
        1,
        1,
        1,
        1,
        null,
        1,
        null,
        null,
        null,
        1,
        null,
        1,
        null,
        null,
        1,
        null,
        null,
        null
      ],
      "/home/mzurbuchen/git/skills/app/controllers/expertise_categories_controller.rb": [
        1,
        1,
        null,
        1,
        null,
        1,
        1,
        1,
        null,
        null
      ],
      "/home/mzurbuchen/git/skills/spec/controllers/expertise_topic_skill_values_controller_spec.rb": [
        1,
        null,
        1,
        7,
        null,
        2,
        null,
        1,
        1,
        1,
        null,
        1,
        null,
        1,
        null,
        1,
        1,
        1,
        null,
        null,
        null,
        1,
        1,
        1,
        null,
        1,
        null,
        1,
        null,
        1,
        null,
        null,
        null,
        1,
        1,
        null,
        1,
        null,
        1,
        null,
        null,
        null,
        null,
        null,
        1,
        null,
        null,
        null,
        1,
        1,
        null,
        null,
        1,
        1,
        null,
        null,
        null,
        null,
        null,
        1,
        1,
        null,
        null,
        null,
        null,
        1,
        1,
        null,
        null,
        null,
        1,
        1,
        1,
        1,
        null,
        1,
        null,
        1,
        1,
        null,
        null,
        null,
        1,
        1,
        1,
        1,
        null,
        1,
        null,
        null,
        null,
        1,
        null,
        1,
        null,
        null,
        null,
        null,
        null,
        2,
        null,
        null,
        1,
        null,
        null,
        1,
        null,
        null,
        null
      ],
      "/home/mzurbuchen/git/skills/app/controllers/expertise_topic_skill_values_controller.rb": [
        1,
        1,
        null,
        null,
        1,
        2,
        2,
        2,
        null,
        1,
        null,
        null,
        1,
        null,
        1,
        1,
        1,
        null,
        null
      ],
      "/home/mzurbuchen/git/skills/spec/controllers/expertise_topics_controller_spec.rb": [
        1,
        null,
        1,
        6,
        null,
        1,
        1,
        1,
        null,
        1,
        null,
        1,
        null,
        1,
        1,
        1,
        null,
        null,
        null,
        1,
        1,
        1,
        null,
        1,
        null,
        1,
        null,
        1,
        null,
        null,
        null,
        1,
        1,
        1,
        null,
        null,
        1,
        null,
        1,
        1,
        null,
        null,
        null,
        1,
        1,
        1,
        1,
        null,
        1,
        null,
        1,
        1,
        null,
        null,
        null,
        1,
        1,
        1,
        1,
        null,
        1,
        null,
        null,
        null,
        1,
        null,
        1,
        null,
        null,
        1,
        null,
        null,
        1,
        null,
        null,
        1,
        null,
        null
      ],
      "/home/mzurbuchen/git/skills/app/controllers/expertise_topics_controller.rb": [
        1,
        1,
        null,
        1,
        null,
        1,
        1,
        1,
        null,
        null
      ],
      "/home/mzurbuchen/git/skills/spec/controllers/locations_controller_spec.rb": [
        1,
        null,
        1,
        6,
        null,
        1,
        1,
        1,
        null,
        1,
        null,
        1,
        null,
        1,
        1,
        1,
        null,
        null,
        null,
        1,
        1,
        1,
        null,
        1,
        null,
        1,
        null,
        1,
        null,
        null,
        null,
        1,
        1,
        1,
        null,
        1,
        null,
        1,
        1,
        1,
        null,
        null,
        null,
        1,
        1,
        1,
        1,
        null,
        1,
        null,
        null,
        1,
        1,
        null,
        null,
        null,
        1,
        1,
        1,
        1,
        null,
        null,
        null,
        1,
        null,
        null,
        null,
        1,
        null,
        1,
        5,
        null,
        null,
        1,
        null,
        null,
        1,
        null,
        null,
        1,
        null,
        null,
        null,
        null,
        1,
        null,
        null
      ],
      "/home/mzurbuchen/git/skills/app/controllers/locations_controller.rb": [
        1,
        1,
        null
      ],
      "/home/mzurbuchen/git/skills/spec/controllers/offers_controller_spec.rb": [
        1,
        null,
        1,
        6,
        null,
        1,
        1,
        1,
        null,
        1,
        null,
        1,
        null,
        1,
        1,
        1,
        null,
        null,
        null,
        1,
        1,
        1,
        null,
        1,
        null,
        1,
        null,
        1,
        1,
        null,
        null,
        null,
        1,
        1,
        1,
        null,
        1,
        null,
        1,
        1,
        1,
        1,
        null,
        null,
        null,
        1,
        1,
        1,
        1,
        null,
        1,
        null,
        null,
        1,
        1,
        null,
        null,
        null,
        1,
        1,
        1,
        1,
        null,
        null,
        null,
        1,
        null,
        null,
        null,
        1,
        null,
        1,
        5,
        null,
        null,
        1,
        null,
        null,
        1,
        null,
        null,
        1,
        null,
        null,
        null,
        null,
        1,
        null,
        null
      ],
      "/home/mzurbuchen/git/skills/app/controllers/offers_controller.rb": [
        1,
        1,
        null
      ],
      "/home/mzurbuchen/git/skills/spec/controllers/people_controller_spec.rb": [
        1,
        null,
        1,
        1,
        16,
        16,
        null,
        1,
        1,
        1,
        null,
        1,
        null,
        null,
        null,
        null,
        1,
        null,
        null,
        null,
        null,
        1,
        null,
        null,
        null,
        null,
        1,
        null,
        null,
        null,
        null,
        1,
        null,
        null,
        1,
        1,
        1,
        null,
        null,
        null,
        null,
        1,
        1,
        null,
        1,
        null,
        null,
        null,
        null,
        1,
        1,
        null,
        null,
        null,
        null,
        1,
        1,
        null,
        1,
        null,
        null,
        null,
        null,
        1,
        1,
        null,
        null,
        null,
        null,
        1,
        1,
        null,
        null,
        null,
        null,
        1,
        1,
        null,
        null,
        null,
        null,
        1,
        1,
        null,
        null,
        null,
        null,
        1,
        1,
        null,
        null,
        null,
        null,
        null,
        1,
        1,
        1,
        null,
        1,
        null,
        1,
        null,
        1,
        null,
        1,
        1,
        1,
        1,
        1,
        1,
        null,
        null,
        1,
        1,
        null,
        null,
        null,
        null,
        null,
        1,
        null,
        null,
        null,
        1,
        1,
        1,
        null,
        null,
        1,
        null,
        1,
        null,
        1,
        null,
        1,
        1,
        null,
        null,
        1,
        1,
        null,
        1,
        1,
        null,
        null,
        1,
        1,
        1,
        null,
        null,
        1,
        null,
        1,
        null,
        1,
        1,
        1,
        null,
        null,
        null,
        1,
        1,
        null,
        1,
        1,
        null,
        null,
        null,
        null,
        null,
        null,
        null,
        null,
        null,
        null,
        1,
        null,
        1,
        1,
        1,
        1,
        1,
        null,
        null,
        null,
        null,
        1,
        1,
        1,
        null,
        1,
        null,
        null,
        null,
        1,
        1,
        null,
        null,
        1,
        1,
        1,
        1,
        null,
        null,
        null,
        null,
        1,
        null,
        1,
        null,
        null,
        null,
        1,
        1,
        1,
        1,
        null,
        1,
        1,
        1,
        1,
        1,
        null,
        null,
        1,
        1,
        null,
        1,
        null,
        null,
        null,
        1,
        1,
        1,
        1,
        1,
        null,
        null,
        null,
        null,
        1,
        1,
        1,
        1,
        null,
        null,
        1,
        1,
        1,
        1,
        null,
        1,
        null,
        null,
        1,
        1,
        1,
        1,
        null,
        1,
        null,
        null,
        1,
        1,
        1,
        1,
        1,
        null,
        null,
        1,
        null,
        null,
        null,
        1,
        null,
        1,
        null,
        null,
        null,
        1,
        null,
        null,
        null,
        null
      ],
      "/home/mzurbuchen/git/skills/app/controllers/people_controller.rb": [
        1,
        1,
        null,
        null,
        null,
        1,
        null,
        null,
        null,
        1,
        null,
        1,
        3,
        3,
        null,
        3,
        null,
        null,
        1,
        4,
        null,
        null,
        1,
        0,
        0,
        null,
        null,
        1,
        0,
        0,
        0,
        null,
        null,
        1,
        2,
        null,
        2,
        2,
        2,
        null,
        null,
        null,
        null,
        1,
        2,
        null,
        2,
        2,
        null,
        2,
        null,
        null,
        null,
        null,
        1,
        null,
        1,
        2,
        null,
        null,
        1,
        2,
        2,
        1,
        null,
        1,
        null,
        null,
        null,
        1,
        2,
        1,
        null,
        1,
        null,
        null,
        null,
        1,
        2,
        2,
        null,
        null,
        null,
        null,
        1,
        2,
        null,
        null,
        1,
        8,
        null,
        null,
        null,
        1,
        6,
        null,
        null,
        null,
        null,
        1,
        null,
        null,
        null,
        null,
        6,
        null,
        null,
        1,
        null,
        null,
        null,
        null,
        6,
        null,
        null,
        1,
        12,
        0,
        null,
        null,
        null,
        null
      ],
      "/home/mzurbuchen/git/skills/spec/controllers/person_competences_controller_spec.rb": [
        1,
        null,
        1,
        6,
        null,
        1,
        1,
        1,
        null,
        1,
        null,
        1,
        null,
        1,
        1,
        1,
        null,
        null,
        null,
        1,
        1,
        1,
        null,
        1,
        null,
        1,
        null,
        1,
        1,
        null,
        null,
        null,
        1,
        1,
        1,
        null,
        1,
        null,
        1,
        1,
        1,
        1,
        null,
        null,
        null,
        1,
        1,
        1,
        1,
        null,
        1,
        null,
        null,
        1,
        1,
        null,
        null,
        null,
        1,
        1,
        1,
        1,
        null,
        null,
        null,
        1,
        null,
        null,
        null,
        1,
        null,
        1,
        5,
        null,
        null,
        1,
        null,
        null,
        1,
        null,
        null,
        1,
        null,
        null,
        null,
        null,
        1,
        null,
        null
      ],
      "/home/mzurbuchen/git/skills/app/controllers/person_competences_controller.rb": [
        1,
        1,
        null
      ],
      "/home/mzurbuchen/git/skills/spec/controllers/person_relations_controller_spec.rb": [
        1,
        null,
        1,
        null,
        null
      ],
      "/home/mzurbuchen/git/skills/spec/controllers/person_variations_controller_spec.rb": [
        1,
        null,
        1,
        1,
        1,
        2,
        2,
        2,
        2,
        null,
        null,
        1,
        1,
        null,
        1,
        null,
        1,
        null,
        1,
        1,
        1,
        1,
        null,
        null,
        null,
        1,
        1,
        1,
        null,
        null,
        1,
        1,
        1,
        1,
        1,
        null,
        null,
        null,
        null,
        1,
        null,
        1,
        null,
        null,
        null,
        null,
        null,
        0,
        null,
        null
      ],
      "/home/mzurbuchen/git/skills/app/controllers/person_variations_controller.rb": [
        1,
        1,
        null,
        1,
        null,
        1,
        1,
        1,
        null,
        null,
        1,
        1,
        1,
        1,
        null,
        0,
        null,
        null,
        0,
        null,
        null,
        1,
        null,
        1,
        1,
        null,
        null,
        1,
        1,
        1,
        null,
        null,
        1,
        0,
        null,
        null,
        null
      ],
      "/home/mzurbuchen/git/skills/spec/controllers/project_technologies_controller_spec.rb": [
        1,
        null,
        1,
        6,
        null,
        1,
        1,
        1,
        null,
        1,
        null,
        1,
        null,
        1,
        1,
        1,
        null,
        null,
        null,
        1,
        1,
        1,
        null,
        1,
        null,
        1,
        null,
        1,
        null,
        null,
        null,
        1,
        1,
        1,
        null,
        1,
        null,
        1,
        1,
        1,
        null,
        null,
        null,
        1,
        1,
        1,
        1,
        null,
        1,
        null,
        null,
        1,
        1,
        null,
        null,
        null,
        1,
        1,
        1,
        1,
        null,
        null,
        null,
        1,
        null,
        null,
        null,
        1,
        null,
        1,
        5,
        null,
        null,
        1,
        null,
        null,
        1,
        null,
        null,
        1,
        null,
        null,
        null,
        null,
        1,
        null,
        null
      ],
      "/home/mzurbuchen/git/skills/app/controllers/project_technologies_controller.rb": [
        1,
        1,
        null
      ],
      "/home/mzurbuchen/git/skills/app/controllers/project_relations_controller.rb": [
        1,
        null,
        1,
        1,
        1,
        1,
        null,
        null,
        0,
        null,
        null,
        null,
        1,
        1,
        null,
        null,
        1,
        null,
        1,
        0,
        null,
        null,
        null
      ],
      "/home/mzurbuchen/git/skills/spec/controllers/projects_controller_spec.rb": [
        1,
        null,
        1,
        6,
        null,
        1,
        1,
        1,
        1,
        null,
        1,
        null,
        1,
        1,
        1,
        null,
        null,
        null,
        1,
        1,
        1,
        null,
        1,
        null,
        1,
        null,
        1,
        1,
        1,
        1,
        null,
        null,
        null,
        1,
        1,
        1,
        null,
        null,
        null,
        null,
        null,
        null,
        null,
        1,
        null,
        1,
        1,
        1,
        1,
        1,
        1,
        1,
        null,
        null,
        null,
        1,
        1,
        1,
        1,
        1,
        null,
        null,
        1,
        1,
        null,
        null,
        null,
        1,
        1,
        1,
        1,
        null,
        null,
        null,
        1,
        null,
        null,
        null,
        1,
        null,
        1,
        5,
        null,
        null,
        1,
        null,
        null,
        null,
        1,
        null,
        null,
        1,
        null,
        null,
        1,
        null,
        null
      ],
      "/home/mzurbuchen/git/skills/app/controllers/projects_controller.rb": [
        1,
        1,
        null,
        null,
        1,
        null
      ],
      "/home/mzurbuchen/git/skills/spec/exporters/odt/cv_spec.rb": [
        1,
        null,
        1,
        1,
        null,
        1,
        1,
        1,
        1,
        1,
        1,
        null,
        null,
        1,
        1,
        1,
        1,
        null,
        null,
        null,
        1,
        1,
        1,
        null,
        1,
        null,
        1,
        null,
        null,
        1,
        1,
        null,
        1,
        null,
        1,
        null,
        null,
        null
      ],
      "/home/mzurbuchen/git/skills/app/exporters/odt/cv.rb": [
        1,
        1,
        null,
        1,
        6,
        null,
        null,
        1,
        4,
        4,
        4,
        4,
        4,
        4,
        4,
        4,
        null,
        null,
        null,
        1,
        null,
        1,
        null,
        1,
        4,
        4,
        4,
        4,
        4,
        null,
        4,
        null,
        4,
        4,
        4,
        null,
        null,
        null,
        null,
        null,
        1,
        4,
        4,
        4,
        4,
        4,
        null,
        null,
        null,
        1,
        4,
        4,
        4,
        3,
        3,
        null,
        null,
        4,
        null,
        null,
        1,
        4,
        4,
        null,
        null,
        4,
        4,
        4,
        null,
        null,
        null,
        1,
        4,
        4,
        null,
        null,
        4,
        4,
        4,
        null,
        null,
        null,
        1,
        4,
        4,
        null,
        null,
        4,
        4,
        4,
        null,
        null,
        null,
        1,
        4,
        4,
        null,
        null,
        4,
        4,
        4,
        null,
        null,
        null,
        1,
        4,
        4,
        4,
        4,
        4,
        null,
        null,
        1,
        18,
        0,
        18,
        1,
        null,
        17,
        null,
        null,
        null,
        null
      ],
      "/home/mzurbuchen/git/skills/spec/exporters/odt/fws_spec.rb": [
        1,
        null,
        1,
        1,
        null,
        1,
        1,
        1,
        1,
        null,
        1,
        1,
        null,
        null,
        null
      ],
      "/home/mzurbuchen/git/skills/app/exporters/odt/fws.rb": [
        1,
        1,
        null,
        1,
        6,
        6,
        null,
        null,
        1,
        3,
        3,
        3,
        null,
        null,
        null,
        1,
        3,
        3,
        null,
        null,
        null,
        1,
        null,
        1,
        3,
        3,
        3,
        3,
        3,
        null,
        null,
        1,
        3,
        2,
        2,
        2,
        null,
        null,
        null,
        null,
        1,
        null,
        null,
        null,
        null,
        null,
        null,
        null,
        null,
        null,
        null,
        2,
        null,
        null,
        null,
        1,
        3,
        3,
        3,
        3,
        null,
        null,
        null,
        null,
        1,
        3,
        3,
        3,
        3,
        3,
        3,
        3,
        3,
        3,
        3,
        3,
        null,
        null,
        null,
        null,
        1,
        3,
        3,
        3,
        3,
        3,
        null,
        null,
        null,
        null,
        1,
        6,
        null,
        null,
        null
      ],
      "/home/mzurbuchen/git/skills/spec/lib/ldap_tools_spec.rb": [
        1,
        null,
        1,
        1,
        1,
        1,
        1,
        null,
        null,
        null,
        1,
        1,
        null,
        null,
        null
      ],
      "/home/mzurbuchen/git/skills/spec/models/activity_spec.rb": [
        null,
        null,
        null,
        null,
        null,
        null,
        null,
        null,
        null,
        null,
        null,
        null,
        null,
        null,
        null,
        1,
        null,
        1,
        1,
        null,
        1,
        1,
        1,
        1,
        null,
        1,
        1,
        1,
        null,
        null,
        1,
        1,
        1,
        1,
        null,
        1,
        null,
        1,
        1,
        null,
        null,
        1,
        1,
        1,
        1,
        null,
        1,
        null,
        null,
        1,
        1,
        1,
        1,
        1,
        null,
        1,
        1,
        null,
        null,
        1,
        1,
        1,
        null,
        1,
        null,
        1,
        null,
        null,
        1,
        1,
        1,
        1,
        null,
        1,
        null,
        1,
        1,
        1,
        1,
        null,
        null,
        null,
        1,
        1,
        1,
        1,
        1,
        1,
        1,
        null,
        null,
        null
      ],
      "/home/mzurbuchen/git/skills/app/models/activity.rb": [
        null,
        null,
        null,
        null,
        null,
        null,
        null,
        null,
        null,
        null,
        null,
        null,
        null,
        null,
        null,
        1,
        null,
        1,
        1,
        1,
        null,
        1,
        null,
        1,
        1,
        1,
        1,
        1,
        null,
        14,
        null,
        1,
        null,
        1,
        26,
        26,
        null,
        null,
        null
      ],
      "/home/mzurbuchen/git/skills/app/models/application_record.rb": [
        1,
        1,
        null,
        1,
        null,
        1,
        104,
        92,
        null,
        null
      ],
      "/home/mzurbuchen/git/skills/spec/models/advanced_training_spec.rb": [
        null,
        null,
        null,
        null,
        null,
        null,
        null,
        null,
        null,
        null,
        null,
        null,
        null,
        null,
        1,
        null,
        1,
        1,
        null,
        1,
        1,
        1,
        1,
        null,
        1,
        1,
        null,
        null,
        1,
        1,
        1,
        1,
        1,
        null,
        null,
        null,
        null,
        1,
        1,
        1,
        1,
        null,
        1,
        null,
        null,
        1,
        1,
        1,
        1,
        1,
        null,
        1,
        1,
        null,
        null,
        1,
        1,
        1,
        null,
        1,
        null,
        1,
        null,
        null,
        1,
        1,
        1,
        1,
        null,
        1,
        null,
        1,
        1,
        1,
        1,
        null,
        null,
        null,
        1,
        1,
        1,
        1,
        1,
        1,
        1,
        null,
        null,
        null
      ],
      "/home/mzurbuchen/git/skills/app/models/advanced_training.rb": [
        null,
        null,
        null,
        null,
        null,
        null,
        null,
        null,
        null,
        null,
        null,
        null,
        null,
        null,
        1,
        null,
        1,
        1,
        1,
        null,
        1,
        null,
        1,
        1,
        1,
        1,
        null,
        14,
        null,
        1,
        null,
        1,
        26,
        26,
        null,
        null,
        null
      ],
      "/home/mzurbuchen/git/skills/spec/models/company_spec.rb": [
        null,
        null,
        null,
        null,
        null,
        null,
        null,
        null,
        null,
        null,
        null,
        null,
        null,
        null,
        null,
        null,
        null,
        null,
        1,
        null,
        null,
        1,
        null,
        1,
        1,
        1,
        1,
        1,
        2,
        null,
        null,
        null,
        1,
        1,
        1,
        1,
        null,
        1,
        null,
        null,
        1,
        1,
        1,
        1,
        1,
        1,
        1,
        1,
        1,
        1,
        1,
        1,
        1,
        null,
        1,
        1,
        1,
        1,
        1,
        1,
        1,
        1,
        1,
        1,
        null,
        null,
        1,
        1,
        1,
        1,
        1,
        null,
        1,
        null,
        null,
        null
      ],
      "/home/mzurbuchen/git/skills/app/models/company.rb": [
        null,
        null,
        null,
        null,
        null,
        null,
        null,
        null,
        null,
        null,
        null,
        null,
        null,
        null,
        null,
        null,
        null,
        null,
        null,
        1,
        null,
        1,
        null,
        1,
        1,
        1,
        1,
        null,
        1,
        1,
        null,
        1,
        null,
        2,
        null,
        1,
        null,
        1,
        3,
        2,
        2,
        null,
        null,
        null,
        null
      ],
      "/home/mzurbuchen/git/skills/spec/models/education_spec.rb": [
        null,
        null,
        null,
        null,
        null,
        null,
        null,
        null,
        null,
        null,
        null,
        null,
        null,
        null,
        1,
        null,
        1,
        1,
        null,
        1,
        1,
        1,
        1,
        null,
        1,
        1,
        1,
        1,
        null,
        null,
        1,
        1,
        1,
        1,
        1,
        null,
        1,
        1,
        null,
        null,
        1,
        1,
        1,
        1,
        1,
        null,
        1,
        1,
        null,
        null,
        1,
        1,
        1,
        null,
        1,
        null,
        1,
        null,
        null,
        1,
        1,
        1,
        1,
        null,
        1,
        null,
        null,
        1,
        1,
        1,
        1,
        null,
        1,
        null,
        1,
        1,
        1,
        1,
        null,
        null,
        null,
        1,
        1,
        1,
        1,
        1,
        1,
        1,
        null,
        null,
        null
      ],
      "/home/mzurbuchen/git/skills/app/models/education.rb": [
        null,
        null,
        null,
        null,
        null,
        null,
        null,
        null,
        null,
        null,
        null,
        null,
        null,
        null,
        1,
        null,
        1,
        1,
        1,
        null,
        1,
        null,
        1,
        1,
        1,
        1,
        null,
        14,
        null,
        1,
        null,
        1,
        25,
        25,
        null,
        null,
        null
      ],
      "/home/mzurbuchen/git/skills/spec/models/employee_quantity_spec.rb": [
        null,
        null,
        null,
        null,
        null,
        null,
        null,
        null,
        null,
        1,
        null,
        1,
        1,
        1,
        1,
        null,
        1,
        null,
        1,
        null,
        null,
        1,
        1,
        null,
        1,
        null,
        1,
        null,
        null,
        1,
        1,
        null,
        1,
        null,
        1,
        null,
        null,
        1,
        1,
        null,
        1,
        null,
        1,
        null,
        null,
        null
      ],
      "/home/mzurbuchen/git/skills/app/models/employee_quantity.rb": [
        null,
        null,
        null,
        null,
        null,
        null,
        null,
        null,
        null,
        1,
        null,
        1,
        1,
        1,
        null,
        1,
        null,
        1,
        1,
        1,
        null,
        1,
        null,
        1,
        4,
        4,
        null,
        null,
        null
      ],
      "/home/mzurbuchen/git/skills/spec/models/expertise_category_spec.rb": [
        null,
        null,
        null,
        null,
        null,
        null,
        null,
        null,
        null,
        1,
        null,
        1,
        1,
        1,
        1,
        null,
        1,
        null,
        1,
        1,
        1,
        null,
        null,
        1,
        1,
        null,
        1,
        null,
        1,
        null,
        null,
        1,
        1,
        null,
        1,
        null,
        1,
        null,
        null,
        1,
        1,
        1,
        null,
        null,
        1,
        null,
        null,
        null
      ],
      "/home/mzurbuchen/git/skills/app/models/expertise_category.rb": [
        null,
        null,
        null,
        null,
        null,
        null,
        null,
        null,
        null,
        null,
        1,
        1,
        null,
        1,
        null,
        1,
        1,
        null,
        null,
        null,
        1,
        7,
        null,
        null
      ],
      "/home/mzurbuchen/git/skills/spec/models/expertise_topic_skill_value_spec.rb": [
        null,
        null,
        null,
        null,
        null,
        null,
        null,
        null,
        null,
        null,
        null,
        null,
        null,
        null,
        1,
        null,
        1,
        1,
        1,
        1,
        1,
        null,
        1,
        1,
        1,
        1,
        null,
        1,
        null,
        null,
        1,
        1,
        1,
        1,
        null,
        1,
        null,
        1,
        1,
        null,
        null,
        1,
        1,
        1,
        null,
        null,
        1,
        null,
        null,
        null,
        null
      ],
      "/home/mzurbuchen/git/skills/app/models/expertise_topic_skill_value.rb": [
        null,
        null,
        null,
        null,
        null,
        null,
        null,
        null,
        null,
        null,
        null,
        null,
        null,
        null,
        null,
        1,
        1,
        1,
        null,
        1,
        null,
        1,
        1,
        1,
        1,
        1,
        1,
        null,
        null,
        null,
        1,
        null,
        null,
        null,
        4,
        null,
        null
      ],
      "/home/mzurbuchen/git/skills/spec/models/expertise_topic_spec.rb": [
        null,
        null,
        null,
        null,
        null,
        null,
        null,
        null,
        null,
        null,
        1,
        null,
        1,
        1,
        1,
        1,
        null,
        1,
        null,
        1,
        null,
        null,
        1,
        1,
        null,
        1,
        null,
        1,
        null,
        null,
        1,
        1,
        null,
        null,
        1,
        null,
        1,
        null,
        null,
        null
      ],
      "/home/mzurbuchen/git/skills/app/models/expertise_topic.rb": [
        null,
        null,
        null,
        null,
        null,
        null,
        null,
        null,
        null,
        null,
        null,
        1,
        1,
        1,
        null,
        1,
        null,
        null,
        null,
        1,
        null,
        null,
        4,
        null,
        null
      ],
      "/home/mzurbuchen/git/skills/spec/models/location_spec.rb": [
        null,
        null,
        null,
        null,
        null,
        null,
        null,
        null,
        1,
        null,
        1,
        1,
        1,
        1,
        null,
        1,
        null,
        1,
        null,
        null,
        1,
        1,
        null,
        1,
        null,
        1,
        null,
        null,
        null
      ],
      "/home/mzurbuchen/git/skills/app/models/location.rb": [
        null,
        null,
        null,
        null,
        null,
        null,
        null,
        null,
        1,
        null,
        1,
        1,
        1,
        null,
        1,
        null,
        1,
        1,
        null,
        1,
        null,
        1,
        4,
        4,
        null,
        null,
        null
      ],
      "/home/mzurbuchen/git/skills/spec/models/offer_spec.rb": [
        null,
        null,
        null,
        null,
        null,
        null,
        null,
        null,
        null,
        1,
        null,
        null,
        1,
        null,
        1,
        1,
        1,
        1,
        null,
        1,
        null,
        null,
        1,
        1,
        1,
        1,
        null,
        1,
        null,
        null,
        null
      ],
      "/home/mzurbuchen/git/skills/app/models/offer.rb": [
        null,
        null,
        null,
        null,
        null,
        null,
        null,
        null,
        null,
        1,
        null,
        1,
        1,
        1,
        null,
        1,
        null,
        1,
        1,
        null,
        1,
        null,
        1,
        4,
        4,
        null,
        null,
        null
      ],
      "/home/mzurbuchen/git/skills/spec/models/person_competence_spec.rb": [
        null,
        null,
        null,
        null,
        null,
        null,
        null,
        null,
        null,
        1,
        null,
        null,
        1,
        null,
        1,
        1,
        1,
        1,
        null,
        1,
        null,
        null,
        1,
        1,
        1,
        1,
        null,
        1,
        null,
        null,
        null
      ],
      "/home/mzurbuchen/git/skills/app/models/person_competence.rb": [
        null,
        null,
        null,
        null,
        null,
        null,
        null,
        null,
        null,
        1,
        null,
        1,
        1,
        1,
        null,
        1,
        null,
        1,
        1,
        null,
        1,
        null,
        1,
        5,
        5,
        null,
        null,
        null
      ],
      "/home/mzurbuchen/git/skills/spec/models/person_spec.rb": [
        null,
        null,
        null,
        null,
        null,
        null,
        null,
        null,
        null,
        null,
        null,
        null,
        null,
        null,
        null,
        null,
        null,
        null,
        null,
        null,
        null,
        null,
        null,
        null,
        1,
        null,
        1,
        1,
        null,
        1,
        1,
        1,
        1,
        1,
        null,
        null,
        1,
        1,
        1,
        1,
        null,
        null,
        null,
        1,
        1,
        5,
        5,
        null,
        null,
        1,
        1,
        1,
        null,
        1,
        null,
        1,
        1,
        null,
        null,
        1,
        1,
        null,
        null,
        1,
        1,
        1,
        null,
        null,
        1,
        1,
        1,
        1,
        null,
        1,
        1,
        1,
        1,
        1,
        1,
        1,
        null,
        null,
        1,
        1,
        1,
        1,
        1,
        1,
        1,
        1,
        1,
        1,
        1,
        null,
        1,
        1,
        1,
        1,
        1,
        1,
        1,
        1,
        null,
        null,
        null,
        null
      ],
      "/home/mzurbuchen/git/skills/app/models/person.rb": [
        null,
        null,
        null,
        null,
        null,
        null,
        null,
        null,
        null,
        null,
        null,
        null,
        null,
        null,
        null,
        null,
        null,
        null,
        null,
        null,
        null,
        null,
        null,
        null,
        1,
        1,
        null,
        1,
        null,
        1,
        1,
        1,
        1,
        1,
        1,
        1,
        1,
        1,
        null,
        null,
        null,
        null,
        1,
        null,
        1,
        null,
        1,
        null,
        null,
        1,
        1,
        null,
        4,
        null,
        1,
        null,
        null,
        null,
        null,
        null,
        null,
        null,
        null,
        null,
        null,
        null,
        null,
        null,
        null,
        null,
        null,
        null,
        null,
        null,
        null,
        null,
        null,
        1,
        4,
        2,
        null,
        null,
        null,
        1,
        null,
        1,
        160,
        0,
        null,
        null,
        1,
        160,
        null,
        null
      ],
      "/home/mzurbuchen/git/skills/app/uploaders/picture_uploader.rb": [
        1,
        null,
        1,
        null,
        1,
        null,
        null,
        1,
        null,
        null,
        1,
        null,
        1,
        1,
        7,
        null,
        null,
        null,
        null,
        null,
        1,
        88,
        null,
        null,
        null,
        1,
        0,
        null,
        null,
        1,
        0,
        null,
        null,
        null,
        null,
        1,
        0,
        null,
        null
      ],
      "/home/mzurbuchen/git/skills/spec/models/project_spec.rb": [
        null,
        null,
        null,
        null,
        null,
        null,
        null,
        null,
        null,
        null,
        null,
        null,
        null,
        null,
        null,
        null,
        null,
        1,
        null,
        1,
        1,
        null,
        1,
        1,
        1,
        1,
        null,
        1,
        1,
        1,
        1,
        1,
        null,
        null,
        1,
        1,
        null,
        1,
        1,
        1,
        1,
        null,
        1,
        null,
        1,
        1,
        1,
        1,
        null,
        null,
        null,
        1,
        1,
        1,
        1,
        null,
        1,
        null,
        null,
        1,
        1,
        1,
        1,
        1,
        null,
        1,
        1,
        null,
        null,
        1,
        1,
        1,
        null,
        1,
        null,
        1,
        null,
        null,
        1,
        1,
        1,
        1,
        null,
        1,
        null,
        1,
        1,
        1,
        1,
        null,
        null,
        null,
        1,
        1,
        1,
        1,
        1,
        1,
        1,
        null,
        null,
        null
      ],
      "/home/mzurbuchen/git/skills/app/models/project.rb": [
        null,
        null,
        null,
        null,
        null,
        null,
        null,
        null,
        null,
        null,
        null,
        null,
        null,
        null,
        null,
        null,
        null,
        1,
        null,
        1,
        1,
        1,
        null,
        1,
        null,
        1,
        null,
        1,
        1,
        1,
        1,
        1,
        null,
        14,
        null,
        1,
        null,
        1,
        26,
        26,
        null,
        null,
        null
      ],
      "/home/mzurbuchen/git/skills/spec/models/project_technology_spec.rb": [
        null,
        null,
        null,
        null,
        null,
        null,
        null,
        null,
        1,
        null,
        null,
        1,
        null
      ],
      "/home/mzurbuchen/git/skills/app/models/project_technology.rb": [
        null,
        null,
        null,
        null,
        null,
        null,
        null,
        null,
        1,
        null,
        1,
        null,
        null
      ],
      "/home/mzurbuchen/git/skills/spec/models/user_spec.rb": [
        null,
        null,
        null,
        null,
        null,
        null,
        null,
        null,
        null,
        null,
        null,
        null,
        null,
        1,
        null,
        1,
        1,
        1,
        1,
        1,
        null,
        1,
        null,
        1,
        null,
        1,
        null,
        null,
        null
      ],
      "/home/mzurbuchen/git/skills/app/models/user.rb": [
        null,
        null,
        null,
        null,
        null,
        null,
        null,
        null,
        null,
        null,
        null,
        null,
        null,
        null,
        1,
        1,
        null,
        1,
        2,
        null,
        null,
        null,
        1,
        6,
        4,
        null,
        null,
        1,
        3,
        null,
        null,
        null,
        1,
        3,
        3,
        null,
        null,
        1,
        null,
        1,
        2,
        null,
        null,
        1,
        null,
        null,
        1,
        7,
        null,
        6,
        null,
        6,
        null,
        5,
        2,
        2,
        null,
        null,
        3,
        null,
        null,
        null,
        null,
        3,
        null,
        null,
        null,
        null,
        1,
        6,
        6,
        6,
        6,
        null,
        null,
        1,
        null,
        1,
        6,
        null,
        null,
        null
      ],
      "/home/mzurbuchen/git/skills/spec/models/variation_spec.rb": [
        1,
        null,
        1,
        null,
        1,
        null,
        2,
        2,
        null,
        1,
        1,
        1,
        null,
        null,
        1,
        1,
        1,
        1,
        null,
        1,
        1,
        null,
        null,
        null,
        null
      ],
      "/home/mzurbuchen/git/skills/app/models/person/variation.rb": [
        null,
        null,
        null,
        null,
        null,
        null,
        null,
        null,
        null,
        null,
        null,
        null,
        null,
        null,
        null,
        null,
        null,
        null,
        null,
        null,
        null,
        null,
        null,
        null,
        1,
        1,
        null,
        null,
        null,
        null,
        1,
        1,
        null,
        32,
        1,
        null,
        null,
        1,
        16,
        16,
        16,
        null,
        16,
        16,
        16,
        16,
        16,
        16,
        15,
        null,
        null,
        null,
        null,
        1,
        16,
        64,
        64,
        64,
        64,
        64,
        null,
        null,
        null,
        null
      ],
      "/home/mzurbuchen/git/skills/spec/serializer/error_serializer_spec.rb": [
        1,
        null,
        1,
        1,
        1,
        1,
        1,
        null,
        1,
        null,
        1,
        1,
        1,
        1,
        1,
        1,
        1,
        null,
        null,
        null
      ],
      "/home/mzurbuchen/git/skills/app/serializer/error_serializer.rb": [
        1,
        1,
        1,
        1,
        null,
        1,
        8,
        8,
        null,
        null,
        null,
        1,
        1,
        null,
        null
      ],
      "/home/mzurbuchen/git/skills/spec/uploaders/picture_uploader_spec.rb": [
        1,
        1,
        1,
        1,
        null,
        null
      ],
      "/home/mzurbuchen/git/skills/app/serializer/activity_serializer.rb": [
        1,
        1,
        null,
        1,
        null
      ],
      "/home/mzurbuchen/git/skills/app/serializer/application_serializer.rb": [
        1,
        null
      ],
      "/home/mzurbuchen/git/skills/app/serializer/person_updated_at_serializer.rb": [
        1,
        1,
        null,
        1,
        null
      ],
      "/home/mzurbuchen/git/skills/app/serializer/attribute_deserializer.rb": [
        1,
        1,
        29,
        29,
        null,
        null,
        1,
        29,
        29,
        null,
        29,
        null,
        null,
        1,
        null,
        1,
        null,
        1,
        29,
        29,
        0,
        29,
        0,
        null,
        null,
        null,
        null,
        1,
        0,
        0,
        0,
        0,
        0,
        0,
        null,
        0,
        null,
        null,
        null,
        null
      ],
      "/home/mzurbuchen/git/skills/app/serializer/advanced_training_serializer.rb": [
        1,
        1,
        null,
        1,
        null
      ],
      "/home/mzurbuchen/git/skills/app/serializers/company_serializer.rb": [
        1,
        null,
        1,
        null,
        null,
        null,
        1,
        1,
        1,
        1,
        null,
        null
      ],
      "/home/mzurbuchen/git/skills/app/serializer/person_in_company_serializer.rb": [
        1,
        1,
        null,
        1,
        null
      ],
      "/home/mzurbuchen/git/skills/app/serializers/location_serializer.rb": [
        1,
        1,
        1,
        null
      ],
      "/home/mzurbuchen/git/skills/app/serializer/company_in_person_serializer.rb": [
        1,
        1,
        null,
        1,
        null
      ],
      "/home/mzurbuchen/git/skills/app/serializers/employee_quantity_serializer.rb": [
        1,
        1,
        1,
        null
      ],
      "/home/mzurbuchen/git/skills/app/serializers/offer_serializer.rb": [
        1,
        1,
        1,
        null
      ],
      "/home/mzurbuchen/git/skills/app/serializer/education_serializer.rb": [
        1,
        1,
        null,
        1,
        null
      ],
      "/home/mzurbuchen/git/skills/app/serializer/expertise_category_serializer.rb": [
        1,
        1,
        null,
        null
      ],
      "/home/mzurbuchen/git/skills/app/serializer/expertise_topic_skill_value_serializer.rb": [
        1,
        1,
        null,
        1,
        1,
        null
      ],
      "/home/mzurbuchen/git/skills/app/serializer/expertise_topic_serializer.rb": [
        1,
        1,
        null,
        1,
        null,
        null
      ],
      "/home/mzurbuchen/git/skills/app/serializer/person_serializer.rb": [
        1,
        1,
        null,
        1,
        null,
        1,
        null,
        null,
        null,
        1,
        6,
        null,
        null,
        1,
        8,
        null,
        null,
        1,
        8,
        null,
        null,
        1,
        8,
        null,
        null,
        1,
        8,
        null,
        null,
        1,
        null,
        null
      ],
      "/home/mzurbuchen/git/skills/app/serializer/project_serializer.rb": [
        1,
        1,
        null,
        1,
        null,
        1,
        null
      ],
      "/home/mzurbuchen/git/skills/app/serializers/person_competence_serializer.rb": [
        1,
        1,
        1,
        null
      ],
      "/home/mzurbuchen/git/skills/app/serializer/people_serializer.rb": [
        1,
        1,
        null
      ],
      "/home/mzurbuchen/git/skills/app/serializers/project_technology_serializer.rb": [
        1,
        1,
        1,
        null
      ],
      "/home/mzurbuchen/git/skills/app/serializer/project_in_project_technology_serializer.rb": [
        1,
        1,
        null,
        1,
        null
      ],
      "/home/mzurbuchen/git/skills/app/serializers/person_variations_serializer.rb": [
        1,
        1,
        null
      ]
    },
    "timestamp": 1540476301
  }
}
